nohup: ignoring input

> cipherpay-ui@0.1.0 build
> react-scripts build

Creating an optimized production build...
Compiled with warnings.

[eslint] 
src/services/CipherPayService.js
  Line 17:19:  'getSDKStatus' is defined but never used        no-unused-vars
  Line 52:35:  'ChainType' is assigned a value but never used  no-unused-vars

src/services/FallbackCipherPayService.js
  Line 2:11:    'BigInt' is already defined as a built-in global variable  no-redeclare
  Line 20:19:   'getSDKStatus' is defined but never used                   no-unused-vars
  Line 180:39:  'ChainType' is assigned a value but never used             no-unused-vars

src/services/sdkLoader.js
  Line 49:27:  'testInstance' is assigned a value but never used  no-unused-vars

Search for the keywords to learn more about each warning.
To ignore, add // eslint-disable-next-line to the line before.

File sizes after gzip:

  65.3 kB  build/static/js/main.ab443dca.js
  3.92 kB  build/static/css/main.9502ba52.css

The project was built assuming it is hosted at /.
You can control this with the homepage field in your package.json.

The build folder is ready to be deployed.
You may serve it with a static server:

  serve -s build

Find out more about deployment here:

  https://cra.link/deployment

